ARM GAS  /tmp/ccTCnNaD.s 			page 1


   1              		.cpu cortex-m4
   2              		.eabi_attribute 27, 1
   3              		.eabi_attribute 28, 1
   4              		.eabi_attribute 20, 1
   5              		.eabi_attribute 21, 1
   6              		.eabi_attribute 23, 3
   7              		.eabi_attribute 24, 1
   8              		.eabi_attribute 25, 1
   9              		.eabi_attribute 26, 1
  10              		.eabi_attribute 30, 1
  11              		.eabi_attribute 34, 1
  12              		.eabi_attribute 18, 4
  13              		.file	"training_data.c"
  14              		.text
  15              	.Ltext0:
  16              		.cfi_sections	.debug_frame
  17              		.global	__training_data
  18              		.section	.rodata.__training_data,"a"
  19              		.align	2
  22              	__training_data:
  23 0000 00000000 		.word	0
  24 0004 23BAE73C 		.word	1021819427
  25 0008 D49D673D 		.word	1030200788
  26 000c 6891AD3D 		.word	1034785128
  27 0010 6328E73D 		.word	1038559331
  28 0014 5342103E 		.word	1041252947
  29 0018 03CC2C3E 		.word	1043123203
  30 001c 302A493E 		.word	1044982320
  31 0020 3F55653E 		.word	1046828351
  32 0024 2FA3803E 		.word	1048617775
  33 0028 1C7B8E3E 		.word	1049525020
  34 002c 1F2F9C3E 		.word	1050423071
  35 0030 8CBBA93E 		.word	1051310988
  36 0034 1D1DB73E 		.word	1052187933
  37 0038 4850C43E 		.word	1053053000
  38 003c E751D13E 		.word	1053905383
  39 0040 711EDE3E 		.word	1054744177
  40 0044 E1B2EA3E 		.word	1055568609
  41 0048 F20BF73E 		.word	1056377842
  42 004c 3E93013F 		.word	1057067838
  43 0050 BF7F073F 		.word	1057456063
  44 0054 F9490D3F 		.word	1057835513
  45 0058 6BF0123F 		.word	1058205803
  46 005c C571183F 		.word	1058566597
  47 0060 85CC1D3F 		.word	1058917509
  48 0064 5CFF223F 		.word	1059258204
  49 0068 EA08283F 		.word	1059588330
  50 006c 10E82C3F 		.word	1059907600
  51 0070 5F9B313F 		.word	1060215647
  52 0074 D921363F 		.word	1060512217
  53 0078 317A3A3F 		.word	1060796977
  54 007c 59A33E3F 		.word	1061069657
  55 0080 569C423F 		.word	1061330006
  56 0084 1B64463F 		.word	1061577755
  57 0088 9CF9493F 		.word	1061812636
  58 008c 215C4D3F 		.word	1062034465
  59 0090 9C8A503F 		.word	1062242972
ARM GAS  /tmp/ccTCnNaD.s 			page 2


  60 0094 6684533F 		.word	1062437990
  61 0098 A648563F 		.word	1062619302
  62 009c B2D6583F 		.word	1062786738
  63 00a0 E42D5B3F 		.word	1062940132
  64 00a4 A54D5D3F 		.word	1063079333
  65 00a8 6E355F3F 		.word	1063204206
  66 00ac C9E4603F 		.word	1063314633
  67 00b0 315B623F 		.word	1063410481
  68 00b4 6398633F 		.word	1063491683
  69 00b8 FA9B643F 		.word	1063558138
  70 00bc C365653F 		.word	1063609795
  71 00c0 7BF5653F 		.word	1063646587
  72 00c4 124B663F 		.word	1063668498
  73 00c8 6666663F 		.word	1063675494
  74 00cc 6747663F 		.word	1063667559
  75 00d0 35EE653F 		.word	1063644725
  76 00d4 D15A653F 		.word	1063606993
  77 00d8 6D8D643F 		.word	1063554413
  78 00dc 3C86633F 		.word	1063487036
  79 00e0 6F45623F 		.word	1063404911
  80 00e4 7DCB603F 		.word	1063308157
  81 00e8 98185F3F 		.word	1063196824
  82 00ec 562D5D3F 		.word	1063071062
  83 00f0 0B0A5B3F 		.word	1062930955
  84 00f4 71AF583F 		.word	1062776689
  85 00f8 FC1D563F 		.word	1062608380
  86 00fc 5456533F 		.word	1062426196
  87 0100 4359503F 		.word	1062230339
  88 0104 70274D3F 		.word	1062020976
  89 0108 C6C1493F 		.word	1061798342
  90 010c 0F29463F 		.word	1061562639
  91 0110 355E423F 		.word	1061314101
  92 0114 35623E3F 		.word	1061052981
  93 0118 09363A3F 		.word	1060779529
  94 011c BEDA353F 		.word	1060494014
  95 0120 8351313F 		.word	1060196739
  96 0124 639B2C3F 		.word	1059887971
  97 0128 8CB9273F 		.word	1059568012
  98 012c 60AD223F 		.word	1059237216
  99 0130 FB771D3F 		.word	1058895867
 100 0134 CE1A183F 		.word	1058544334
 101 0138 1897123F 		.word	1058182936
 102 013c 5BEE0C3F 		.word	1057812059
 103 0140 F721073F 		.word	1057432055
 104 0144 5D33013F 		.word	1057043293
 105 0148 1F48F63E 		.word	1056327711
 106 014c 42EBE93E 		.word	1055517506
 107 0150 4853DD3E 		.word	1054692168
 108 0154 5683D03E 		.word	1053852502
 109 0158 917EC33E 		.word	1052999313
 110 015c 6248B63E 		.word	1052133474
 111 0160 11E4A83E 		.word	1051255825
 112 0164 04559B3E 		.word	1050367236
 113 0168 A59E8D3E 		.word	1049468581
 114 016c FD887F3E 		.word	1048545533
 115 0170 3194633E 		.word	1046713393
 116 0174 BA65473E 		.word	1044866490
ARM GAS  /tmp/ccTCnNaD.s 			page 3


 117 0178 AB042B3E 		.word	1043006635
 118 017c 9E780E3E 		.word	1041135774
 119 0180 C990E33D 		.word	1038323913
 120 0184 A9F6A93D 		.word	1034548905
 121 0188 1763603D 		.word	1029726999
 122 018c 7940D93C 		.word	1020870777
 123 0190 3CBCE7BA 		.word	3135749180
 124 0194 E735F6BC 		.word	3170252263
 125 0198 84D76EBD 		.word	3178157956
 126 019c AE2CB1BD 		.word	3182505134
 127 01a0 FDBFEABD 		.word	3186278397
 128 01a4 4A0C12BE 		.word	3188853834
 129 01a8 5C932EBE 		.word	3190723420
 130 01ac 63EE4ABE 		.word	3192581731
 131 01b0 091667BE 		.word	3194426889
 132 01b4 9D8181BE 		.word	3196158365
 133 01b8 93578FBE 		.word	3197065107
 134 01bc 18099DBE 		.word	3197962520
 135 01c0 0893AABE 		.word	3198849800
 136 01c4 B7F1B7BE 		.word	3199726007
 137 01c8 DE21C5BE 		.word	3200590302
 138 01cc 3620D2BE 		.word	3201441846
 139 01d0 79E9DEBE 		.word	3202279801
 140 01d4 3E7AEBBE 		.word	3203103294
 141 01d8 81CFF7BE 		.word	3203911553
 142 01dc FEF201BF 		.word	3204575998
 143 01e0 66DD07BF 		.word	3204963686
 144 01e4 65A50DBF 		.word	3205342565
 145 01e8 9D4913BF 		.word	3205712285
 146 01ec 8AC818BF 		.word	3206072458
 147 01f0 DE201EBF 		.word	3206422750
 148 01f4 265123BF 		.word	3206762790
 149 01f8 255828BF 		.word	3207092261
 150 01fc 8B342DBF 		.word	3207410827
 151 0200 19E531BF 		.word	3207718169
 152 0204 B26836BF 		.word	3208014002
 153 0208 27BE3ABF 		.word	3208298023
 154 020c 5CE43EBF 		.word	3208569948
 155 0210 45DA42BF 		.word	3208829509
 156 0214 E49E46BF 		.word	3209076452
 157 0218 51314ABF 		.word	3209310545
 158 021c 8E904DBF 		.word	3209531534
 159 0220 C3BB50BF 		.word	3209739203
 160 0224 35B253BF 		.word	3209933365
 161 0228 1D7356BF 		.word	3210113821
 162 022c C1FD58BF 		.word	3210280385
 163 0230 8B515BBF 		.word	3210432907
 164 0234 D26D5DBF 		.word	3210571218
 165 0238 11525FBF 		.word	3210695185
 166 023c D2FD60BF 		.word	3210804690
 167 0240 B07062BF 		.word	3210899632
 168 0244 47AA63BF 		.word	3210979911
 169 0248 43AA64BF 		.word	3211045443
 170 024c 727065BF 		.word	3211096178
 171 0250 8FFC65BF 		.word	3211132047
 172 0254 7B4E66BF 		.word	3211153019
 173 0258 236666BF 		.word	3211159075
ARM GAS  /tmp/ccTCnNaD.s 			page 4


 174 025c 894366BF 		.word	3211150217
 175 0260 ACE665BF 		.word	3211126444
 176 0264 AD4F65BF 		.word	3211087789
 177 0268 AE7E64BF 		.word	3211034286
 178 026c E27363BF 		.word	3210965986
 179 0270 7B2F62BF 		.word	3210882939
 180 0274 EEB160BF 		.word	3210785262
 181 0278 8FFB5EBF 		.word	3210673039
 182 027c C30C5DBF 		.word	3210546371
 183 0280 00E65ABF 		.word	3210405376
 184 0284 EC8758BF 		.word	3210250220
 185 0288 0EF355BF 		.word	3210081038
 186 028c 0F2853BF 		.word	3209897999
 187 0290 A62750BF 		.word	3209701286
 188 0294 9DF24CBF 		.word	3209491101
 189 0298 BE8949BF 		.word	3209267646
 190 029c D0ED45BF 		.word	3209031120
 191 02a0 E21F42BF 		.word	3208781794
 192 02a4 DE203EBF 		.word	3208519902
 193 02a8 AEF139BF 		.word	3208245678
 194 02ac 819335BF 		.word	3207959425
 195 02b0 640731BF 		.word	3207661412
 196 02b4 834E2CBF 		.word	3207351939
 197 02b8 0E6A27BF 		.word	3207031310
 198 02bc 315B22BF 		.word	3206699825
 199 02c0 4F231DBF 		.word	3206357839
 200 02c4 A4C317BF 		.word	3206005668
 201 02c8 A33D12BF 		.word	3205643683
 202 02cc 9B920CBF 		.word	3205272219
 203 02d0 FCC306BF 		.word	3204891644
 204 02d4 5BD300BF 		.word	3204502363
 205 02d8 2B84F5BE 		.word	3203761195
 206 02dc 8123E9BE 		.word	3202950017
 207 02e0 DB87DCBE 		.word	3202123739
 208 02e4 81B4CFBE 		.word	3201283201
 209 02e8 97ACC2BE 		.word	3200429207
 210 02ec 6473B5BE 		.word	3199562596
 211 02f0 520CA8BE 		.word	3198684242
 212 02f4 C87A9ABE 		.word	3197795016
 213 02f8 0DC28CBE 		.word	3196895757
 214 02fc 9BCB7DBE 		.word	3195915163
 215 0300 E1D261BE 		.word	3194082017
 216 0304 01A145BE 		.word	3192234241
 217 0308 103D29BE 		.word	3190373648
 218 030c 64AE0CBE 		.word	3188502116
 219 0310 A9F8DFBD 		.word	3185572009
 220 0314 645BA6BD 		.word	3181796196
 221 0318 5B2859BD 		.word	3176736859
 222 031c B5C4CABC 		.word	3167405237
 223 0320 3CBC673B 		.word	996654140
 224 0324 C957023D 		.word	1023563721
 225 0328 4012763D 		.word	1031148096
 226 032c E7C6B43D 		.word	1035257575
 227 0330 9757EE3D 		.word	1039030167
 228 0334 BBD5133E 		.word	1041487291
 229 0338 715A303E 		.word	1043356273
 230 033c 53B24C3E 		.word	1045213779
ARM GAS  /tmp/ccTCnNaD.s 			page 5


 231 0340 91D6683E 		.word	1047058065
 232 0344 0B60823E 		.word	1048731659
 233 0348 A433903E 		.word	1049637796
 234 034c EFE29D3E 		.word	1050534639
 235 0350 406AAB3E 		.word	1051421248
 236 0354 2EC6B83E 		.word	1052296750
 237 0358 52F3C53E 		.word	1053160274
 238 035c 63EED23E 		.word	1054010979
 239 0360 1CB4DF3E 		.word	1054848028
 240 0364 5741EC3E 		.word	1055670615
 241 0368 AB92F83E 		.word	1056477867
 242 036c 9C52023F 		.word	1057116828
 243 0370 EB3A083F 		.word	1057503979
 244 0374 C1000E3F 		.word	1057882305
 245 0378 ADA2133F 		.word	1058251437
 246 037c 3F1F193F 		.word	1058611007
 247 0380 14751E3F 		.word	1058960660
 248 0384 CFA2233F 		.word	1059300047
 249 0388 2FA7283F 		.word	1059628847
 250 038c E5802D3F 		.word	1059946725
 251 0390 B22E323F 		.word	1060253362
 252 0394 68AF363F 		.word	1060548456
 253 0398 EB013B3F 		.word	1060831723
 254 039c 2D253F3F 		.word	1061102893
 255 03a0 0118433F 		.word	1061361665
 256 03a4 8CD9463F 		.word	1061607820
 257 03a8 C2684A3F 		.word	1061841090
 258 03ac CAC44D3F 		.word	1062061258
 259 03b0 B7EC503F 		.word	1062268087
 260 03b4 E3DF533F 		.word	1062461411
 261 03b8 629D563F 		.word	1062640994
 262 03bc 9E24593F 		.word	1062806686
 263 03c0 EF745B3F 		.word	1062958319
 264 03c4 BD8D5D3F 		.word	1063095741
 265 03c8 726E5F3F 		.word	1063218802
 266 03cc A916613F 		.word	1063327401
 267 03d0 FD85623F 		.word	1063421437
 268 03d4 F9BB633F 		.word	1063500793
 269 03d8 5AB8643F 		.word	1063565402
 270 03dc DD7A653F 		.word	1063615197
 271 03e0 6003663F 		.word	1063650144
 272 03e4 A051663F 		.word	1063670176
 273 03e8 AE65663F 		.word	1063675310
 274 03ec 793F663F 		.word	1063665529
 275 03f0 F0DE653F 		.word	1063640816
 276 03f4 5644653F 		.word	1063601238
 277 03f8 AC6F643F 		.word	1063546796
 278 03fc 4661633F 		.word	1063477574
 279 0400 5419623F 		.word	1063393620
 280 0404 3D98603F 		.word	1063295037
 281 0408 44DE5E3F 		.word	1063181892
 282 040c EEEB5C3F 		.word	1063054318
 283 0410 C2C15A3F 		.word	1062912450
 284 0414 3560583F 		.word	1062756405
 285 0418 EFC7553F 		.word	1062586351
 286 041c 98F9523F 		.word	1062402456
 287 0420 E8F54F3F 		.word	1062204904
ARM GAS  /tmp/ccTCnNaD.s 			page 6


 288 0424 98BD4C3F 		.word	1061993880
 289 0428 7251493F 		.word	1061769586
 290 042c 70B2453F 		.word	1061532272
 291 0430 5DE1413F 		.word	1061282141
 292 0434 55DF3D3F 		.word	1061019477
 293 0438 32AD393F 		.word	1060744498
 294 043c 124C353F 		.word	1060457490
 295 0440 23BD303F 		.word	1060158755
 296 0444 82012C3F 		.word	1059848578
 297 0448 5D1A273F 		.word	1059527261
 298 044c E108223F 		.word	1059195105
 299 0450 81CE1C3F 		.word	1058852481
 300 0454 6A6C173F 		.word	1058499690
 301 0458 FCE3113F 		.word	1058137084
 302 045c B9360C3F 		.word	1057765049
 303 0460 F165063F 		.word	1057383921
 304 0464 3673003F 		.word	1056994102
 305 0468 F4BFF43E 		.word	1056227316
 306 046c 7D5BE83E 		.word	1055415165
 307 0470 4DBCDB3E 		.word	1054587981
 308 0474 8AE5CE3E 		.word	1053746570
 309 0478 59DAC13E 		.word	1052891737
 310 047c 459EB43E 		.word	1052024389
 311 0480 7234A73E 		.word	1051145330
 312 0484 49A0993E 		.word	1050255433
 313 0488 54E58B3E 		.word	1049355604
 314 048c F60D7C3E 		.word	1048317430
 315 0490 4D11603E 		.word	1046483277
 316 0494 05DC433E 		.word	1044634629
 317 0498 7575273E 		.word	1042773365
 318 049c 6DE40A3E 		.word	1040901229
 319 04a0 0360DC3D 		.word	1037852675
 320 04a4 1EC0A23D 		.word	1034076190
 321 04a8 9EED513D 		.word	1028779422
 322 04ac 0A4BBC3C 		.word	1018972938
 323 04b0 91D5ADBB 		.word	3148731793
 324 04b4 9F9409BD 		.word	3171521695
 325 04b8 F14B7DBD 		.word	3179105265
 326 04bc A661B8BD 		.word	3182977446
 327 04c0 AAEEF1BD 		.word	3186749098
 328 04c4 2C9F15BE 		.word	3189088044
 329 04c8 422132BE 		.word	3190956354
 330 04cc 42764EBE 		.word	3192813122
 331 04d0 18976ABE 		.word	3194656536
 332 04d4 363E83BE 		.word	3196272182
 333 04d8 B60F91BE 		.word	3197177782
 334 04dc A5BC9EBE 		.word	3198074021
 335 04e0 3541ACBE 		.word	3198959925
 336 04e4 639AB9BE 		.word	3199834723
 337 04e8 82C4C6BE 		.word	3200697474
 338 04ec 6FBCD3BE 		.word	3201547375
 339 04f0 9E7EE0BE 		.word	3202383518
 340 04f4 2D08EDBE 		.word	3203205165
 341 04f8 B455F9BE 		.word	3204011444
 342 04fc 18B202BF 		.word	3204624920
 343 0500 4E9808BF 		.word	3205011534
 344 0504 EA5B0EBF 		.word	3205389290
ARM GAS  /tmp/ccTCnNaD.s 			page 7


 345 0508 8BFB13BF 		.word	3205757835
 346 050c C07519BF 		.word	3206116800
 347 0510 19C91EBF 		.word	3206465817
 348 0514 56F423BF 		.word	3206804566
 349 0518 06F628BF 		.word	3207132678
 350 051c 0CCD2DBF 		.word	3207449868
 351 0520 077832BF 		.word	3207755783
 352 0524 EDF536BF 		.word	3208050157
 353 0528 8D453BBF 		.word	3208332685
 354 052c CB653FBF 		.word	3208603083
 355 0530 9B5543BF 		.word	3208861083
 356 0534 011447BF 		.word	3209106433
 357 0538 02A04ABF 		.word	3209338882
 358 053c D3F84DBF 		.word	3209558227
 359 0540 7A1D51BF 		.word	3209764218
 360 0544 4E0D54BF 		.word	3209956686
 361 0548 75C756BF 		.word	3210135413
 362 054c 384B59BF 		.word	3210300216
 363 0550 20985BBF 		.word	3210450976
 364 0554 64AD5DBF 		.word	3210587492
 365 0558 A08A5FBF 		.word	3210709664
 366 055c 4D2F61BF 		.word	3210817357
 367 0560 079B62BF 		.word	3210910471
 368 0564 68CD63BF 		.word	3210988904
 369 0568 2EC664BF 		.word	3211052590
 370 056c 168565BF 		.word	3211101462
 371 0570 EE0966BF 		.word	3211135470
 372 0574 A45466BF 		.word	3211154596
 373 0578 066566BF 		.word	3211158790
 374 057c 253B66BF 		.word	3211148069
 375 0580 02D765BF 		.word	3211122434
 376 0584 BD3865BF 		.word	3211081917
 377 0588 786064BF 		.word	3211026552
 378 058c 774E63BF 		.word	3210956407
 379 0590 EB0262BF 		.word	3210871531
 380 0594 397E60BF 		.word	3210772025
 381 0598 C6C05EBF 		.word	3210657990
 382 059c F7CA5CBF 		.word	3210529527
 383 05a0 419D5ABF 		.word	3210386753
 384 05a4 4C3858BF 		.word	3210229836
 385 05a8 9D9C55BF 		.word	3210058909
 386 05ac EFCA52BF 		.word	3209874159
 387 05b0 E7C34FBF 		.word	3209675751
 388 05b4 51884CBF 		.word	3209463889
 389 05b8 051949BF 		.word	3209238789
 390 05bc CD7645BF 		.word	3209000653
 391 05c0 B6A241BF 		.word	3208749750
 392 05c4 889D3DBF 		.word	3208486280
 393 05c8 736839BF 		.word	3208210547
 394 05cc 810435BF 		.word	3207922817
 395 05d0 C17230BF 		.word	3207623361
 396 05d4 4EB42BBF 		.word	3207312462
 397 05d8 79CA26BF 		.word	3206990457
 398 05dc 70B621BF 		.word	3206657648
 399 05e0 81791CBF 		.word	3206314369
 400 05e4 FD1417BF 		.word	3205960957
 401 05e8 448A11BF 		.word	3205597764
ARM GAS  /tmp/ccTCnNaD.s 			page 8


 402 05ec B6DA0BBF 		.word	3205225142
 403 05f0 C40706BF 		.word	3204843460
 404 05f4 F11200BF 		.word	3204453105
 405 05f8 59FBF3BE 		.word	3203660633
 406 05fc 3693E7BE 		.word	3202847542
 407 0600 7CF0DABE 		.word	3202019452
 408 0604 5116CEBE 		.word	3201177169
 409 0608 1C08C1BE 		.word	3200321564
 410 060c 04C9B3BE 		.word	3199453444
 411 0610 705CA6BE 		.word	3198573680
 412 0614 A8C598BE 		.word	3197683112
 413 0618 78088BBE 		.word	3196782712
 414 061c CA4F7ABE 		.word	3195686858
 415 0620 B94F5EBE 		.word	3193851833
 416 0624 091742BE 		.word	3192002313
 417 0628 97AD25BE 		.word	3190140311
 418 062c F01909BE 		.word	3188267504
 419 0630 E3C7D8BD 		.word	3185100771
 420 0634 53249FBD 		.word	3181323347
 421 0638 D5B14ABD 		.word	3175789013
 422 063c 46CFADBC 		.word	3165507398
 423 0640 A0C4E73B 		.word	1005044896
 424 0644 74D1103D 		.word	1024512372
 425 0648 D042823D 		.word	1031946960
 426 064c DFFBBB3D 		.word	1035729887
 427 0650 BE85F53D 		.word	1039500734
 428 0654 9D68173E 		.word	1041721501
 429 0658 14E8333E 		.word	1043589140
 430 065c EF39503E 		.word	1045445103
 431 0660 19576C3E 		.word	1047287577
 432 0664 611C843E 		.word	1048845409
 433 0668 A7EB913E 		.word	1049750439
 434 066c 18969F3E 		.word	1050646040
 435 0670 2B18AD3E 		.word	1051531307
 436 0674 766EBA3E 		.word	1052405366
 437 0678 7095C73E 		.word	1053267312
 438 067c 168AD43E 		.word	1054116374
 439 0680 FE48E13E 		.word	1054951678
 440 0684 E1CEED3E 		.word	1055772385
 441 0688 7A18FA3E 		.word	1056577658
 442 068c 8411033F 		.word	1057165700
 443 0690 90F5083F 		.word	1057551760
 444 0694 02B70E3F 		.word	1057928962
 445 0698 4754143F 		.word	1058296903
 446 069c 21CC193F 		.word	1058655265
 447 06a0 FC1C1F3F 		.word	1059003644
 448 06a4 AA45243F 		.word	1059341738
 449 06a8 BB44293F 		.word	1059669179
 450 06ac 01192E3F 		.word	1059985665
 451 06b0 3CC1323F 		.word	1060290876
 452 06b4 4F3C373F 		.word	1060584527
 453 06b8 EC883B3F 		.word	1060866284
 454 06bc 37A63F3F 		.word	1061135927
 455 06c0 F392433F 		.word	1061393139
 456 06c4 334E473F 		.word	1061637683
 457 06c8 0ED74A3F 		.word	1061869326
 458 06cc AA2C4E3F 		.word	1062087850
ARM GAS  /tmp/ccTCnNaD.s 			page 9


 459 06d0 094E513F 		.word	1062293001
 460 06d4 863A543F 		.word	1062484614
 461 06d8 45F1563F 		.word	1062662469
 462 06dc B071593F 		.word	1062826416
 463 06e0 0EBB5B3F 		.word	1062976270
 464 06e4 D9CC5D3F 		.word	1063111897
 465 06e8 9CA65F3F 		.word	1063233180
 466 06ec BF47613F 		.word	1063339967
 467 06f0 DEAF623F 		.word	1063432158
 468 06f4 A4DE633F 		.word	1063509668
 469 06f8 D0D3643F 		.word	1063572432
 470 06fc 1D8F653F 		.word	1063620381
 471 0700 5A10663F 		.word	1063653466
 472 0704 5457663F 		.word	1063671636
 473 0708 1B64663F 		.word	1063674907
 474 070c 8F36663F 		.word	1063663247
 475 0710 D1CE653F 		.word	1063636689
 476 0714 E02C653F 		.word	1063595232
 477 0718 1151643F 		.word	1063538961
 478 071c 643B633F 		.word	1063467876
 479 0720 4EEC613F 		.word	1063382094
 480 0724 1364603F 		.word	1063281683
 481 0728 16A35E3F 		.word	1063166742
 482 072c BDA95C3F 		.word	1063037373
 483 0730 8E785A3F 		.word	1062893710
 484 0734 3010583F 		.word	1062735920
 485 0738 1971553F 		.word	1062564121
 486 073c 139C523F 		.word	1062378515
 487 0740 B4914F3F 		.word	1062179252
 488 0744 E7524C3F 		.word	1061966567
 489 0748 54E0483F 		.word	1061740628
 490 074c 083B453F 		.word	1061501704
 491 0750 CC63413F 		.word	1061249996
 492 0754 AB5B3D3F 		.word	1060985771
 493 0758 9223393F 		.word	1060709266
 494 075c BEBC343F 		.word	1060420798
 495 0760 1C28303F 		.word	1060120604
 496 0764 F9662B3F 		.word	1059809017
 497 0768 747A263F 		.word	1059486324
 498 076c CC63213F 		.word	1059152844
 499 0770 5F241C3F 		.word	1058808927
 500 0774 6FBD163F 		.word	1058454895
 501 0778 5930113F 		.word	1058091097
 502 077c 807E0B3F 		.word	1057717888
 503 0780 76A9053F 		.word	1057335670
 504 0784 1365FF3E 		.word	1056924947
 505 0788 9C36F33E 		.word	1056126620
 506 078c ACCAE63E 		.word	1055312556
 507 0790 6824DA3E 		.word	1054483560
 508 0794 F646CD3E 		.word	1053640438
 509 0798 7A35C03E 		.word	1052783994
 510 079c 80F3B23E 		.word	1051915136
 511 07a0 2B84A53E 		.word	1051034667
 512 07a4 07EB973E 		.word	1050143495
 513 07a8 5A2B8A3E 		.word	1049242458
 514 07ac 9F91783E 		.word	1048088991
 515 07b0 A08D5C3E 		.word	1046252960
ARM GAS  /tmp/ccTCnNaD.s 			page 10


 516 07b4 CA51403E 		.word	1044402634
 517 07b8 75E5233E 		.word	1042539893
 518 07bc 724F073E 		.word	1040666482
 519 07c0 B62ED53D 		.word	1037381302
 520 07c4 87889B3D 		.word	1033603207
 521 07c8 0C76433D 		.word	1027831308
 522 07cc 82539F3C 		.word	1017074562
 523 07d0 D7D910BC 		.word	3155220951
 524 07d4 490E18BD 		.word	3172470345
 525 07d8 A8DF85BD 		.word	3179667368
 526 07dc 1896BFBD 		.word	3183449624
 527 07e0 4C1CF9BD 		.word	3187219532
 528 07e4 CA3119BE 		.word	3189322186
 529 07e8 A3AE35BE 		.word	3191189155
 530 07ec 59FD51BE 		.word	3193044313
 531 07f0 1A176EBE 		.word	3194885914
 532 07f4 48FA84BE 		.word	3196385864
 533 07f8 75C792BE 		.word	3197290357
 534 07fc 696FA0BE 		.word	3198185321
 535 0800 DDEEADBE 		.word	3199069917
 536 0804 4642BBBE 		.word	3199943238
 537 0808 3C66C8BE 		.word	3200804412
 538 080c 9B57D5BE 		.word	3201652635
 539 0810 F912E2BE 		.word	3202487033
 540 0814 3195EEBE 		.word	3203306801
 541 0818 1FDBFABE 		.word	3204111135
 542 081c BD7003BF 		.word	3204673725
 543 0820 B15209BF 		.word	3205059249
 544 0824 E8110FBF 		.word	3205435880
 545 0828 E2AC14BF 		.word	3205803234
 546 082c 4F221ABF 		.word	3206160975
 547 0830 BD701FBF 		.word	3206508733
 548 0834 CC9624BF 		.word	3206846156
 549 0838 4F9329BF 		.word	3207172943
 550 083c D4642EBF 		.word	3207488724
 551 0840 4E0A33BF 		.word	3207793230
 552 0844 6F8237BF 		.word	3208086127
 553 0848 29CC3BBF 		.word	3208367145
 554 084c 71E63FBF 		.word	3208636017
 555 0850 18D043BF 		.word	3208892440
 556 0854 448847BF 		.word	3209136196
 557 0858 E90D4BBF 		.word	3209367017
 558 085c 3D604EBF 		.word	3209584701
 559 0860 677E51BF 		.word	3209789031
 560 0864 7B6754BF 		.word	3209979771
 561 0868 E31A57BF 		.word	3210156771
 562 086c E59759BF 		.word	3210319845
 563 0870 CADD5BBF 		.word	3210468810
 564 0874 1CEC5DBF 		.word	3210603548
 565 0878 55C25FBF 		.word	3210723925
 566 087c EE5F61BF 		.word	3210829806
 567 0880 72C462BF 		.word	3210921074
 568 0884 AEEF63BF 		.word	3210997678
 569 0888 3FE164BF 		.word	3211059519
 570 088c E19865BF 		.word	3211106529
 571 0890 721666BF 		.word	3211138674
 572 0894 D15966BF 		.word	3211155921
ARM GAS  /tmp/ccTCnNaD.s 			page 11


 573 0898 ED6266BF 		.word	3211158253
 574 089c C63166BF 		.word	3211145670
 575 08a0 5CC665BF 		.word	3211118172
 576 08a4 E22065BF 		.word	3211075810
 577 08a8 684164BF 		.word	3211018600
 578 08ac 202863BF 		.word	3210946592
 579 08b0 80D561BF 		.word	3210859904
 580 08b4 AA4960BF 		.word	3210758570
 581 08b8 23855EBF 		.word	3210642723
 582 08bc 51885CBF 		.word	3210512465
 583 08c0 A8535ABF 		.word	3210367912
 584 08c4 D1E757BF 		.word	3210209233
 585 08c8 634555BF 		.word	3210036579
 586 08cc F46C52BF 		.word	3209850100
 587 08d0 4E5F4FBF 		.word	3209649998
 588 08d4 3B1D4CBF 		.word	3209436475
 589 08d8 83A748BF 		.word	3209209731
 590 08dc 00FF44BF 		.word	3208969984
 591 08e0 AF2441BF 		.word	3208717487
 592 08e4 8B193DBF 		.word	3208452491
 593 08e8 7FDE38BF 		.word	3208175231
 594 08ec C97434BF 		.word	3207886025
 595 08f0 55DD2FBF 		.word	3207585109
 596 08f4 72192BBF 		.word	3207272818
 597 08f8 3D2A26BF 		.word	3206949437
 598 08fc 061121BF 		.word	3206615302
 599 0900 0BCF1BBF 		.word	3206270731
 600 0904 AE6516BF 		.word	3205916078
 601 0908 4DD610BF 		.word	3205551693
 602 090c 3A220BBF 		.word	3205177914
 603 0910 F54A05BF 		.word	3204795125
 604 0914 01A4FEBE 		.word	3204359169
 605 0918 BD71F2BE 		.word	3203559869
 606 091c 0002E6BE 		.word	3202744832
 607 0920 3258D9BE 		.word	3201914930
 608 0924 5777CCBE 		.word	3201070935
 609 0928 B762BFBE 		.word	3200213687
 610 092c DA1DB2BE 		.word	3199344090
 611 0930 C5ABA4BE 		.word	3198462917
 612 0934 231097BE 		.word	3197571107
 613 0938 3C4E89BE 		.word	3196669500
 614 093c 31D376BE 		.word	3195458353
 615 0940 86CB5ABE 		.word	3193621382
 616 0944 8B8C3EBE 		.word	3191770251
 617 0948 541D22BE 		.word	3189906772
 618 094c F58405BE 		.word	3188032757
 619 0950 1096D1BD 		.word	3184629264
 620 0954 BBEC97BD 		.word	3180850363
 621 0958 4F3B3CBD 		.word	3174841167
 622 095c BFD790BC 		.word	3163609023
 623 0960 5FD12D3C 		.word	1009635679
 624 0964 124A1F3D 		.word	1025460754
 625 0968 FA7B893D 		.word	1032420346
 626 096c 5130C33D 		.word	1036202065
 627 0970 D9B2FC3D 		.word	1039971033
 628 0974 B5FA1A3E 		.word	1041955509
 629 0978 EF74373E 		.word	1043821807
ARM GAS  /tmp/ccTCnNaD.s 			page 12


 630 097c 7FC0533E 		.word	1045676159
 631 0980 D8D66F3E 		.word	1047516888
 632 0984 30D8853E 		.word	1048959024
 633 0988 01A3933E 		.word	1049862913
 634 098c 9948A13E 		.word	1050757273
 635 0990 6DC5AE3E 		.word	1051641197
 636 0994 F415BC3E 		.word	1052513780
 637 0998 E736C93E 		.word	1053374183
 638 099c FF24D63E 		.word	1054221567
 639 09a0 D3DCE23E 		.word	1055055059
 640 09a4 605BEF3E 		.word	1055873888
 641 09a8 5E9DFB3E 		.word	1056677214
 642 09ac D5CF033F 		.word	1057214421
 643 09b0 B0AF093F 		.word	1057599408
 644 09b4 AD6C0F3F 		.word	1057975469
 645 09b8 5C05153F 		.word	1058342236
 646 09bc 5B781A3F 		.word	1058699355
 647 09c0 4CC41F3F 		.word	1059046476
 648 09c4 DEE7243F 		.word	1059383262
 649 09c8 A0E1293F 		.word	1059709344
 650 09cc 75B02E3F 		.word	1060024437
 651 09d0 1E53333F 		.word	1060328222
 652 09d4 6DC8373F 		.word	1060620397
 653 09d8 340F3C3F 		.word	1060900660
 654 09dc 7826403F 		.word	1061168760
 655 09e0 0B0D443F 		.word	1061424395
 656 09e4 22C2473F 		.word	1061667362
 657 09e8 91444B3F 		.word	1061897361
 658 09ec AF934E3F 		.word	1062114223
 659 09f0 82AE513F 		.word	1062317698
 660 09f4 4F94543F 		.word	1062507599
 661 09f8 4E44573F 		.word	1062683726
 662 09fc D7BD593F 		.word	1062845911
 663 0a00 54005C3F 		.word	1062994004
 664 0a04 2D0B5E3F 		.word	1063127853
 665 0a08 DBDD5F3F 		.word	1063247323
 666 0a0c D977613F 		.word	1063352281
 667 0a10 E4D8623F 		.word	1063442660
 668 0a14 7500643F 		.word	1063518325
 669 0a18 6CEE643F 		.word	1063579244
 670 0a1c 73A2653F 		.word	1063625331
 671 0a20 691C663F 		.word	1063656553
 672 0a24 1C5C663F 		.word	1063672860
 673 0a28 9E61663F 		.word	1063674270
 674 0a2c CB2C663F 		.word	1063660747
 675 0a30 B6BD653F 		.word	1063632310
 676 0a34 9014653F 		.word	1063589008
 677 0a38 7B31643F 		.word	1063530875
 678 0a3c A914633F 		.word	1063457961
 679 0a40 6EBE613F 		.word	1063370350
 680 0a44 0E2F603F 		.word	1063268110
 681 0a48 FD665E3F 		.word	1063151357
 682 0a4c A1665C3F 		.word	1063020193
 683 0a50 902E5A3F 		.word	1062874768
 684 0a54 40BF573F 		.word	1062715200
 685 0a58 6919553F 		.word	1062541673
 686 0a5c A33D523F 		.word	1062354339
ARM GAS  /tmp/ccTCnNaD.s 			page 13


 687 0a60 B62C4F3F 		.word	1062153398
 688 0a64 5CE74B3F 		.word	1061939036
 689 0a68 6E6E483F 		.word	1061711470
 690 0a6c D7C2443F 		.word	1061470935
 691 0a70 71E5403F 		.word	1061217649
 692 0a74 38D73C3F 		.word	1060951864
 693 0a78 4A99383F 		.word	1060673866
 694 0a7c A12C343F 		.word	1060383905
 695 0a80 5C922F3F 		.word	1060082268
 696 0a84 B8CB2A3F 		.word	1059769272
 697 0a88 E4D9253F 		.word	1059445220
 698 0a8c 1FBE203F 		.word	1059110431
 699 0a90 A7791B3F 		.word	1058765223
 700 0a94 DC0D163F 		.word	1058409948
 701 0a98 0F7C103F 		.word	1058044943
 702 0a9c D2C50A3F 		.word	1057670610
 703 0aa0 63EC043F 		.word	1057287267
 704 0aa4 CEE2FD3E 		.word	1056826062
 705 0aa8 79ACF13E 		.word	1056025721
 706 0aac 1139E53E 		.word	1055209745
 707 0ab0 B98BD83E 		.word	1054378937
 708 0ab4 76A7CB3E 		.word	1053534070
 709 0ab8 D28FBE3E 		.word	1052676050
 710 0abc F147B13E 		.word	1051805681
 711 0ac0 3DD3A33E 		.word	1050923837
 712 0ac4 1E35963E 		.word	1050031390
 713 0ac8 DA70883E 		.word	1049129178
 714 0acc 7F14753E 		.word	1047860351
 715 0ad0 2909593E 		.word	1046022441
 716 0ad4 C5C63C3E 		.word	1044170437
 717 0ad8 EF54203E 		.word	1042306287
 718 0adc 34BA033E 		.word	1040431668
 719 0ae0 E3FCCD3D 		.word	1036909795
 720 0ae4 F050943D 		.word	1033130224
 721 0ae8 86FF343D 		.word	1026883462
 722 0aec FB5B823C 		.word	1015176187
 723 0af0 E7C84ABC 		.word	3159017703
 724 0af4 E88626BD 		.word	3173418728
 725 0af8 4C188DBD 		.word	3180140620
 726 0afc 04CAC6BD 		.word	3183921668
 727 0b00 702400BE 		.word	3187680368
 728 0b04 A0C31CBE 		.word	3189556128
 729 0b08 F73A39BE 		.word	3191421687
 730 0b0c A58355BE 		.word	3193275301
 731 0b10 539671BE 		.word	3195115091
 732 0b14 D4B586BE 		.word	3196499412
 733 0b18 8D7E94BE 		.word	3197402765
 734 0b1c A721A2BE 		.word	3198296487
 735 0b20 BB9BAFBE 		.word	3199179707
 736 0b24 60E9BCBE 		.word	3200051552
 737 0b28 4F07CABE 		.word	3200911183
 738 0b2c 1FF2D6BE 		.word	3201757727
 739 0b30 8BA6E3BE 		.word	3202590347
 740 0b34 4B21F0BE 		.word	3203408203
 741 0b38 5B5FFCBE 		.word	3204210523
 742 0b3c CB2E04BF 		.word	3204722379
 743 0b40 7C0C0ABF 		.word	3205106812
ARM GAS  /tmp/ccTCnNaD.s 			page 14


 744 0b44 3FC70FBF 		.word	3205482303
 745 0b48 B35D15BF 		.word	3205848499
 746 0b4c 46CE1ABF 		.word	3206204998
 747 0b50 B91720BF 		.word	3206551481
 748 0b54 AC3825BF 		.word	3206887596
 749 0b58 E02F2ABF 		.word	3207213024
 750 0b5c F4FB2EBF 		.word	3207527412
 751 0b60 CC9B33BF 		.word	3207830476
 752 0b64 390E38BF 		.word	3208121913
 753 0b68 0D523CBF 		.word	3208401421
 754 0b6c 4D6640BF 		.word	3208668749
 755 0b70 DC4944BF 		.word	3208923612
 756 0b74 BDFB47BF 		.word	3209165757
 757 0b78 077B4BBF 		.word	3209394951
 758 0b7c DEC64EBF 		.word	3209610974
 759 0b80 6ADE51BF 		.word	3209813610
 760 0b84 DFC054BF 		.word	3210002655
 761 0b88 876D57BF 		.word	3210177927
 762 0b8c A8E359BF 		.word	3210339240
 763 0b90 AB225CBF 		.word	3210486443
 764 0b94 FA295EBF 		.word	3210619386
 765 0b98 1EF95FBF 		.word	3210737950
 766 0b9c 938F61BF 		.word	3210842003
 767 0ba0 03ED62BF 		.word	3210931459
 768 0ba4 0A1164BF 		.word	3211006218
 769 0ba8 65FB64BF 		.word	3211066213
 770 0bac C1AB65BF 		.word	3211111361
 771 0bb0 1D2266BF 		.word	3211141661
 772 0bb4 355E66BF 		.word	3211157045
 773 0bb8 FA5F66BF 		.word	3211157498
 774 0bbc 8D2766BF 		.word	3211143053
 775 0bc0 DDB465BF 		.word	3211113693
 776 0bc4 1C0865BF 		.word	3211069468
 777 0bc8 5C2164BF 		.word	3211010396
 778 0bcc EF0063BF 		.word	3210936559
 779 0bd0 1AA761BF 		.word	3210848026
 780 0bd4 2F1460BF 		.word	3210744879
 781 0bd8 95485EBF 		.word	3210627221
 782 0bdc BF445CBF 		.word	3210495167
 783 0be0 35095ABF 		.word	3210348853
 784 0be4 7D9657BF 		.word	3210188413
 785 0be8 3EED54BF 		.word	3210014014
 786 0bec 1F0E52BF 		.word	3209825823
 787 0bf0 ECF94EBF 		.word	3209624044
 788 0bf4 4BB14BBF 		.word	3209408843
 789 0bf8 373548BF 		.word	3209180471
 790 0bfc 6A8644BF 		.word	3208939114
 791 0c00 F0A540BF 		.word	3208685040
 792 0c04 C4943CBF 		.word	3208418500
 793 0c08 D25338BF 		.word	3208139730
 794 0c0c 47E433BF 		.word	3207849031
 795 0c10 41472FBF 		.word	3207546689
 796 0c14 DD7D2ABF 		.word	3207232989
 797 0c18 598925BF 		.word	3206908249
 798 0c1c 056B20BF 		.word	3206572805
 799 0c20 10241BBF 		.word	3206226960
 800 0c24 D9B515BF 		.word	3205871065
ARM GAS  /tmp/ccTCnNaD.s 			page 15


 801 0c28 C02110BF 		.word	3205505472
 802 0c2c 38690ABF 		.word	3205130552
 803 0c30 B08D04BF 		.word	3204746672
 804 0c34 3621FDBE 		.word	3204260150
 805 0c38 14E7F0BE 		.word	3203458836
 806 0c3c DF6FE4BE 		.word	3202641887
 807 0c40 FDBED7BE 		.word	3201810173
 808 0c44 73D7CABE 		.word	3200964467
 809 0c48 A9BCBDBE 		.word	3200105641
 810 0c4c E771B0BE 		.word	3199234535
 811 0c50 94FAA2BE 		.word	3198352020
 812 0c54 D55995BE 		.word	3197458901
 813 0c58 799387BE 		.word	3196556153
 814 0c5c 8A5573BE 		.word	3195229578
 815 0c60 884657BE 		.word	3193390728
 816 0c64 00013BBE 		.word	3191537920
 817 0c68 488C1EBE 		.word	3189673032
 818 0c6c 74EF01BE 		.word	3187797876
 819 0c70 3063CABD 		.word	3184157488
 820 0c74 9EB490BD 		.word	3180377246
 821 0c78 B1C22DBD 		.word	3173892785
 822 0c7c 6EC067BC 		.word	3160916078
 823 0c80 6EC0673C 		.word	1013432430
 824 0c84 B1C22D3D 		.word	1026409137
 825 0c88 9EB4903D 		.word	1032893598
 826 0c8c 3063CA3D 		.word	1036673840
 827 0c90 74EF013E 		.word	1040314228
 828 0c94 488C1E3E 		.word	1042189384
 829 0c98 00013B3E 		.word	1044054272
 830 0c9c 8846573E 		.word	1045907080
 831 0ca0 8A55733E 		.word	1047745930
 832 0ca4 7993873E 		.word	1049072505
 833 0ca8 D559953E 		.word	1049975253
 834 0cac 94FAA23E 		.word	1050868372
 835 0cb0 E771B03E 		.word	1051750887
 836 0cb4 A9BCBD3E 		.word	1052621993
 837 0cb8 73D7CA3E 		.word	1053480819
 838 0cbc FDBED73E 		.word	1054326525
 839 0cc0 DF6FE43E 		.word	1055158239
 840 0cc4 14E7F03E 		.word	1055975188
 841 0cc8 3621FD3E 		.word	1056776502
 842 0ccc B08D043F 		.word	1057263024
 843 0cd0 38690A3F 		.word	1057646904
 844 0cd4 C021103F 		.word	1058021824
 845 0cd8 D9B5153F 		.word	1058387417
 846 0cdc 10241B3F 		.word	1058743312
 847 0ce0 056B203F 		.word	1059089157
 848 0ce4 5989253F 		.word	1059424601
 849 0ce8 DD7D2A3F 		.word	1059749341
 850 0cec 41472F3F 		.word	1060063041
 851 0cf0 47E4333F 		.word	1060365383
 852 0cf4 D253383F 		.word	1060656082
 853 0cf8 C4943C3F 		.word	1060934852
 854 0cfc F0A5403F 		.word	1061201392
 855 0d00 6A86443F 		.word	1061455466
 856 0d04 3735483F 		.word	1061696823
 857 0d08 4BB14B3F 		.word	1061925195
ARM GAS  /tmp/ccTCnNaD.s 			page 16


 858 0d0c ECF94E3F 		.word	1062140396
 859 0d10 1F0E523F 		.word	1062342175
 860 0d14 3EED543F 		.word	1062530366
 861 0d18 7D96573F 		.word	1062704765
 862 0d1c 35095A3F 		.word	1062865205
 863 0d20 BF445C3F 		.word	1063011519
 864 0d24 95485E3F 		.word	1063143573
 865 0d28 2F14603F 		.word	1063261231
 866 0d2c 1AA7613F 		.word	1063364378
 867 0d30 EF00633F 		.word	1063452911
 868 0d34 5C21643F 		.word	1063526748
 869 0d38 1C08653F 		.word	1063585820
 870 0d3c DDB4653F 		.word	1063630045
 871 0d40 8D27663F 		.word	1063659405
 872 0d44 FA5F663F 		.word	1063673850
 873 0d48 355E663F 		.word	1063673397
 874 0d4c 1D22663F 		.word	1063658013
 875 0d50 C1AB653F 		.word	1063627713
 876 0d54 65FB643F 		.word	1063582565
 877 0d58 0A11643F 		.word	1063522570
 878 0d5c 03ED623F 		.word	1063447811
 879 0d60 938F613F 		.word	1063358355
 880 0d64 1EF95F3F 		.word	1063254302
 881 0d68 FA295E3F 		.word	1063135738
 882 0d6c AB225C3F 		.word	1063002795
 883 0d70 A8E3593F 		.word	1062855592
 884 0d74 876D573F 		.word	1062694279
 885 0d78 DFC0543F 		.word	1062519007
 886 0d7c 6ADE513F 		.word	1062329962
 887 0d80 DEC64E3F 		.word	1062127326
 888 0d84 077B4B3F 		.word	1061911303
 889 0d88 BDFB473F 		.word	1061682109
 890 0d8c DC49443F 		.word	1061439964
 891 0d90 4D66403F 		.word	1061185101
 892 0d94 0D523C3F 		.word	1060917773
 893 0d98 390E383F 		.word	1060638265
 894 0d9c CC9B333F 		.word	1060346828
 895 0da0 F4FB2E3F 		.word	1060043764
 896 0da4 E02F2A3F 		.word	1059729376
 897 0da8 AC38253F 		.word	1059403948
 898 0dac B917203F 		.word	1059067833
 899 0db0 46CE1A3F 		.word	1058721350
 900 0db4 B35D153F 		.word	1058364851
 901 0db8 3FC70F3F 		.word	1057998655
 902 0dbc 7C0C0A3F 		.word	1057623164
 903 0dc0 CB2E043F 		.word	1057238731
 904 0dc4 5B5FFC3E 		.word	1056726875
 905 0dc8 4B21F03E 		.word	1055924555
 906 0dcc 8BA6E33E 		.word	1055106699
 907 0dd0 1FF2D63E 		.word	1054274079
 908 0dd4 4F07CA3E 		.word	1053427535
 909 0dd8 60E9BC3E 		.word	1052567904
 910 0ddc BB9BAF3E 		.word	1051696059
 911 0de0 A721A23E 		.word	1050812839
 912 0de4 8D7E943E 		.word	1049919117
 913 0de8 D4B5863E 		.word	1049015764
 914 0dec 5396713E 		.word	1047631443
ARM GAS  /tmp/ccTCnNaD.s 			page 17


 915 0df0 A583553E 		.word	1045791653
 916 0df4 F73A393E 		.word	1043938039
 917 0df8 A0C31C3E 		.word	1042072480
 918 0dfc 7024003E 		.word	1040196720
 919 0e00 04CAC63D 		.word	1036438020
 920 0e04 4C188D3D 		.word	1032656972
 921 0e08 E886263D 		.word	1025935080
 922 0e0c E7C84A3C 		.word	1011534055
 923 0e10 FB5B82BC 		.word	3162659835
 924 0e14 86FF34BD 		.word	3174367110
 925 0e18 F05094BD 		.word	3180613872
 926 0e1c E3FCCDBD 		.word	3184393443
 927 0e20 34BA03BE 		.word	3187915316
 928 0e24 EF5420BE 		.word	3189789935
 929 0e28 C5C63CBE 		.word	3191654085
 930 0e2c 290959BE 		.word	3193506089
 931 0e30 7F1475BE 		.word	3195343999
 932 0e34 DA7088BE 		.word	3196612826
 933 0e38 1E3596BE 		.word	3197515038
 934 0e3c 3DD3A3BE 		.word	3198407485
 935 0e40 F147B1BE 		.word	3199289329
 936 0e44 D28FBEBE 		.word	3200159698
 937 0e48 76A7CBBE 		.word	3201017718
 938 0e4c B98BD8BE 		.word	3201862585
 939 0e50 1139E5BE 		.word	3202693393
 940 0e54 79ACF1BE 		.word	3203509369
 941 0e58 CEE2FDBE 		.word	3204309710
 942 0e5c 63EC04BF 		.word	3204770915
 943 0e60 D2C50ABF 		.word	3205154258
 944 0e64 0F7C10BF 		.word	3205528591
 945 0e68 DC0D16BF 		.word	3205893596
 946 0e6c A7791BBF 		.word	3206248871
 947 0e70 1FBE20BF 		.word	3206594079
 948 0e74 E4D925BF 		.word	3206928868
 949 0e78 B8CB2ABF 		.word	3207252920
 950 0e7c 5C922FBF 		.word	3207565916
 951 0e80 A12C34BF 		.word	3207867553
 952 0e84 4A9938BF 		.word	3208157514
 953 0e88 38D73CBF 		.word	3208435512
 954 0e8c 71E540BF 		.word	3208701297
 955 0e90 D7C244BF 		.word	3208954583
 956 0e94 6E6E48BF 		.word	3209195118
 957 0e98 5CE74BBF 		.word	3209422684
 958 0e9c B62C4FBF 		.word	3209637046
 959 0ea0 A33D52BF 		.word	3209837987
 960 0ea4 691955BF 		.word	3210025321
 961 0ea8 40BF57BF 		.word	3210198848
 962 0eac 902E5ABF 		.word	3210358416
 963 0eb0 A1665CBF 		.word	3210503841
 964 0eb4 FD665EBF 		.word	3210635005
 965 0eb8 0E2F60BF 		.word	3210751758
 966 0ebc 6EBE61BF 		.word	3210853998
 967 0ec0 A91463BF 		.word	3210941609
 968 0ec4 7B3164BF 		.word	3211014523
 969 0ec8 901465BF 		.word	3211072656
 970 0ecc B6BD65BF 		.word	3211115958
 971 0ed0 CB2C66BF 		.word	3211144395
ARM GAS  /tmp/ccTCnNaD.s 			page 18


 972 0ed4 9E6166BF 		.word	3211157918
 973 0ed8 1C5C66BF 		.word	3211156508
 974 0edc 691C66BF 		.word	3211140201
 975 0ee0 73A265BF 		.word	3211108979
 976 0ee4 6CEE64BF 		.word	3211062892
 977 0ee8 750064BF 		.word	3211001973
 978 0eec E4D862BF 		.word	3210926308
 979 0ef0 D97761BF 		.word	3210835929
 980 0ef4 DBDD5FBF 		.word	3210730971
 981 0ef8 2D0B5EBF 		.word	3210611501
 982 0efc 54005CBF 		.word	3210477652
 983              		.text
 984              	.Letext0:
 985              		.file 1 "/usr/lib/gcc/arm-none-eabi/9.2.1/include/stddef.h"
 986              		.file 2 "/usr/include/newlib/sys/_types.h"
 987              		.file 3 "/usr/include/newlib/sys/reent.h"
 988              		.file 4 "/usr/include/newlib/sys/lock.h"
 989              		.file 5 "/usr/include/newlib/math.h"
 990              		.file 6 "Drivers/CMSIS/DSP/Include/arm_math.h"
 991              		.file 7 "/home/takumi/takumique/main/reservoir/app/cmcis/mat.h"
 992              		.file 8 "/home/takumi/takumique/main/reservoir/app/cmcis/training_data.c"
ARM GAS  /tmp/ccTCnNaD.s 			page 19


DEFINED SYMBOLS
                            *ABS*:0000000000000000 training_data.c
     /tmp/ccTCnNaD.s:22     .rodata.__training_data:0000000000000000 __training_data
     /tmp/ccTCnNaD.s:19     .rodata.__training_data:0000000000000000 $d

NO UNDEFINED SYMBOLS
